-------------------------------------------------------------------------------
Test set: org.entando.selenium.tests.DTPageEditTest
-------------------------------------------------------------------------------
Tests run: 1, Failures: 1, Errors: 0, Skipped: 0, Time elapsed: 14.724 sec <<< FAILURE! - in org.entando.selenium.tests.DTPageEditTest
pageEdit  Time elapsed: 5.997 sec  <<< FAILURE!
java.lang.AssertionError
	at org.entando.selenium.tests.DTPageEditTest.pageEdit(DTPageEditTest.java:89)

