-------------------------------------------------------------------------------
Test set: org.entando.selenium.tests.DTPageTreeSearchTest
-------------------------------------------------------------------------------
Tests run: 1, Failures: 1, Errors: 0, Skipped: 0, Time elapsed: 19.234 sec <<< FAILURE! - in org.entando.selenium.tests.DTPageTreeSearchTest
runTest  Time elapsed: 5.89 sec  <<< FAILURE!
java.lang.AssertionError
	at org.entando.selenium.tests.DTPageTreeSearchTest.runTest(DTPageTreeSearchTest.java:79)

