-------------------------------------------------------------------------------
Test set: org.entando.selenium.tests.DTPageDeleteTest
-------------------------------------------------------------------------------
Tests run: 1, Failures: 1, Errors: 0, Skipped: 0, Time elapsed: 16.473 sec <<< FAILURE! - in org.entando.selenium.tests.DTPageDeleteTest
runTest  Time elapsed: 5.827 sec  <<< FAILURE!
java.lang.AssertionError
	at org.entando.selenium.tests.DTPageDeleteTest.runTest(DTPageDeleteTest.java:78)

