-------------------------------------------------------------------------------
Test set: org.entando.selenium.tests.DTPagePublishTest
-------------------------------------------------------------------------------
Tests run: 1, Failures: 1, Errors: 0, Skipped: 0, Time elapsed: 22.952 sec <<< FAILURE! - in org.entando.selenium.tests.DTPagePublishTest
runTest  Time elapsed: 5.782 sec  <<< FAILURE!
java.lang.AssertionError
	at org.entando.selenium.tests.DTPagePublishTest.runTest(DTPagePublishTest.java:81)

