-------------------------------------------------------------------------------
Test set: org.entando.selenium.tests.DTPageTreeListTest
-------------------------------------------------------------------------------
Tests run: 1, Failures: 1, Errors: 0, Skipped: 0, Time elapsed: 16.933 sec <<< FAILURE! - in org.entando.selenium.tests.DTPageTreeListTest
runTest  Time elapsed: 9.662 sec  <<< FAILURE!
java.lang.AssertionError
	at org.entando.selenium.tests.DTPageTreeListTest.runTest(DTPageTreeListTest.java:109)

