-------------------------------------------------------------------------------
Test set: org.entando.selenium.tests.DTPageCloneTest
-------------------------------------------------------------------------------
Tests run: 1, Failures: 1, Errors: 0, Skipped: 0, Time elapsed: 23.494 sec <<< FAILURE! - in org.entando.selenium.tests.DTPageCloneTest
runTest  Time elapsed: 5.898 sec  <<< FAILURE!
java.lang.AssertionError
	at org.entando.selenium.tests.DTPageCloneTest.runTest(DTPageCloneTest.java:90)

