-------------------------------------------------------------------------------
Test set: org.entando.selenium.tests.DTPageModelsDetailsTest
-------------------------------------------------------------------------------
Tests run: 1, Failures: 1, Errors: 0, Skipped: 0, Time elapsed: 20.43 sec <<< FAILURE! - in org.entando.selenium.tests.DTPageModelsDetailsTest
runTest  Time elapsed: 11.306 sec  <<< FAILURE!
java.lang.AssertionError
	at org.entando.selenium.tests.DTPageModelsDetailsTest.runTest(DTPageModelsDetailsTest.java:102)

